[29May2026 12:48:30.232] [main/INFO] [cpw.mods.modlauncher.Launcher/MODLAUNCHER]: ModLauncher running: args [--launchTarget, forgeclientdev, --version, 21.1.228, --assetIndex, 17, --assetsDir, C:\\Users\\MSI-ADMIN\\.gradle\\caches\\neoformruntime\\assets, --gameDir, ., --fml.fmlVersion, 4.0.42, --fml.mcVersion, 1.21.1, --fml.neoForgeVersion, 21.1.228, --fml.neoFormVersion, 20240808.144430]
[29May2026 12:48:30.235] [main/INFO] [cpw.mods.modlauncher.Launcher/MODLAUNCHER]: JVM identified as Eclipse Adoptium OpenJDK 64-Bit Server VM 21.0.9+10-LTS
[29May2026 12:48:30.237] [main/INFO] [cpw.mods.modlauncher.Launcher/MODLAUNCHER]: ModLauncher 11.0.5+main.901c6ea8 starting: java version 21.0.9 by Eclipse Adoptium; OS Windows 11 arch amd64 version 10.0
[29May2026 12:48:30.343] [main/INFO] [net.neoforged.fml.loading.ImmediateWindowHandler/]: Loading ImmediateWindowProvider fmlearlywindow
[29May2026 12:48:30.469] [main/INFO] [EARLYDISPLAY/]: Trying GL version 4.6
[29May2026 12:48:30.556] [main/INFO] [EARLYDISPLAY/]: Requested GL version 4.6 got version 4.6
[29May2026 12:48:30.678] [main/INFO] [mixin/]: SpongePowered MIXIN Subsystem Version=0.8.7 Source=union:/C:/Users/MSI-ADMIN/.gradle/caches/modules-2/files-2.1/net.fabricmc/sponge-mixin/0.15.2+mixin.0.8.7/2af2f021d8e02a0220dc27a7a72b4666d66d44ca/sponge-mixin-0.15.2+mixin.0.8.7.jar%23138!/ Service=ModLauncher Env=CLIENT
[29May2026 12:48:30.858] [pool-2-thread-1/INFO] [EARLYDISPLAY/]: GL info: AMD Radeon(TM) Graphics GL version 4.6.0 Core Profile Context 26.1.1.251211, ATI Technologies Inc.
[29May2026 12:48:31.032] [main/INFO] [net.neoforged.fml.loading.moddiscovery.locators.JarInJarDependencyLocator/]: Found 2 dependencies adding them to mods collection
[29May2026 12:48:31.033] [main/INFO] [net.neoforged.fml.loading.moddiscovery.ModDiscoverer/]: 
     Mod List:
		Name Version (Mod Id)

		Artistic Expression 1.0.0 (artisticexpression)
		Minecraft 1.21.1 (minecraft)
		NeoForge 21.1.228 (neoforge)
[29May2026 12:48:31.856] [main/INFO] [cpw.mods.modlauncher.LaunchServiceHandler/MODLAUNCHER]: Launching target 'forgeclientdev' with arguments [--version, 21.1.228, --gameDir, ., --assetsDir, C:\Users\MSI-ADMIN\.gradle\caches\neoformruntime\assets, --assetIndex, 17]
[29May2026 12:48:33.881] [Datafixer Bootstrap/INFO] [com.mojang.datafixers.DataFixerBuilder/]: 229 Datafixer optimizations took 435 milliseconds
[29May2026 12:48:34.045] [main/WARN] [oshi.driver.windows.perfmon.PerfmonDisabled/]: Invalid registry value type detected for PerfOS counters. Should be REG_DWORD. Ignoring: HKEY_LOCAL_MACHINE\SYSTEM\CurrentControlSet\Services\PerfOS\Performance\Disable Performance Counters.
[29May2026 12:48:34.089] [pool-7-thread-1/INFO] [MixinExtras|Service/]: Initializing MixinExtras via com.llamalad7.mixinextras.service.MixinExtrasServiceImpl(version=0.5.3).
[29May2026 12:48:39.171] [main/WARN] [net.minecraft.commands.Commands/]: Ambiguity between arguments [teleport, location] and [teleport, destination] with inputs: [0.1 -0.5 .9, 0 0 0]
[29May2026 12:48:39.173] [main/WARN] [net.minecraft.commands.Commands/]: Ambiguity between arguments [teleport, location] and [teleport, targets] with inputs: [0.1 -0.5 .9, 0 0 0]
[29May2026 12:48:39.176] [main/WARN] [net.minecraft.commands.Commands/]: Ambiguity between arguments [teleport, destination] and [teleport, targets] with inputs: [Player, 0123, @e, dd12be42-52a9-4a91-a8a1-11c01849e498]
[29May2026 12:48:39.178] [main/WARN] [net.minecraft.commands.Commands/]: Ambiguity between arguments [teleport, targets] and [teleport, destination] with inputs: [Player, 0123, dd12be42-52a9-4a91-a8a1-11c01849e498]
[29May2026 12:48:39.179] [main/WARN] [net.minecraft.commands.Commands/]: Ambiguity between arguments [teleport, targets, location] and [teleport, targets, destination] with inputs: [0.1 -0.5 .9, 0 0 0]
[29May2026 12:48:39.318] [Render thread/WARN] [net.minecraft.server.packs.VanillaPackResourcesBuilder/]: Assets URL 'union:/C:/Users/MSI-ADMIN/IdeaProjects/Artistic-Expression/build/moddev/artifacts/neoforge-21.1.228.jar%23189!/assets/.mcassetsroot' uses unexpected schema
[29May2026 12:48:39.318] [Render thread/WARN] [net.minecraft.server.packs.VanillaPackResourcesBuilder/]: Assets URL 'union:/C:/Users/MSI-ADMIN/IdeaProjects/Artistic-Expression/build/moddev/artifacts/neoforge-21.1.228.jar%23189!/data/.mcassetsroot' uses unexpected schema
[29May2026 12:48:39.347] [Render thread/INFO] [com.mojang.authlib.yggdrasil.YggdrasilAuthenticationService/]: Environment: Environment[sessionHost=https://sessionserver.mojang.com, servicesHost=https://api.minecraftservices.com, name=PROD]
[29May2026 12:48:39.358] [Render thread/INFO] [net.minecraft.client.Minecraft/]: Setting user: Dev
[29May2026 12:48:39.465] [Render thread/INFO] [net.minecraft.client.Minecraft/]: Backend library: LWJGL version 3.3.3+5
[29May2026 12:48:39.720] [modloading-worker-0/INFO] [net.neoforged.neoforge.common.NeoForgeMod/NEOFORGE-MOD]: NeoForge mod loading, version 21.1.228, for MC 1.21.1
[29May2026 12:48:40.574] [Render thread/INFO] [net.neoforged.neoforge.gametest.GameTestHooks/]: Enabled Gametest Namespaces: [artisticexpression]
[29May2026 12:48:40.708] [Render thread/INFO] [net.minecraft.server.packs.resources.ReloadableResourceManager/]: Reloading ResourceManager: vanilla, mod_resources, mod/artisticexpression, mod/neoforge
[29May2026 12:48:40.811] [Worker-Main-6/INFO] [net.minecraft.client.gui.font.providers.UnihexProvider/]: Found unifont_all_no_pua-15.1.05.hex, loading
[29May2026 12:48:40.910] [Worker-Main-11/INFO] [net.minecraft.client.gui.font.providers.UnihexProvider/]: Found unifont_jp_patch-15.1.05.hex, loading
[29May2026 12:48:41.568] [Worker-Main-7/WARN] [net.minecraft.client.resources.model.BlockStateModelLoader/]: Exception loading blockstate definition: 'artisticexpression:blockstates/orange_giant_candle.json' missing model for variant: 'artisticexpression:orange_giant_candle#lit=false'
[29May2026 12:48:41.568] [Worker-Main-7/WARN] [net.minecraft.client.resources.model.BlockStateModelLoader/]: Exception loading blockstate definition: 'artisticexpression:blockstates/orange_giant_candle.json' missing model for variant: 'artisticexpression:orange_giant_candle#lit=true'
[29May2026 12:48:41.568] [Worker-Main-7/WARN] [net.minecraft.client.resources.model.BlockStateModelLoader/]: Exception loading blockstate definition: 'artisticexpression:blockstates/magenta_giant_candle.json' missing model for variant: 'artisticexpression:magenta_giant_candle#lit=false'
[29May2026 12:48:41.568] [Worker-Main-7/WARN] [net.minecraft.client.resources.model.BlockStateModelLoader/]: Exception loading blockstate definition: 'artisticexpression:blockstates/magenta_giant_candle.json' missing model for variant: 'artisticexpression:magenta_giant_candle#lit=true'
[29May2026 12:48:41.568] [Worker-Main-7/WARN] [net.minecraft.client.resources.model.BlockStateModelLoader/]: Exception loading blockstate definition: 'artisticexpression:blockstates/light_blue_giant_candle.json' missing model for variant: 'artisticexpression:light_blue_giant_candle#lit=false'
[29May2026 12:48:41.568] [Worker-Main-7/WARN] [net.minecraft.client.resources.model.BlockStateModelLoader/]: Exception loading blockstate definition: 'artisticexpression:blockstates/light_blue_giant_candle.json' missing model for variant: 'artisticexpression:light_blue_giant_candle#lit=true'
[29May2026 12:48:41.568] [Worker-Main-7/WARN] [net.minecraft.client.resources.model.BlockStateModelLoader/]: Exception loading blockstate definition: 'artisticexpression:blockstates/yellow_giant_candle.json' missing model for variant: 'artisticexpression:yellow_giant_candle#lit=true'
[29May2026 12:48:41.568] [Worker-Main-7/WARN] [net.minecraft.client.resources.model.BlockStateModelLoader/]: Exception loading blockstate definition: 'artisticexpression:blockstates/yellow_giant_candle.json' missing model for variant: 'artisticexpression:yellow_giant_candle#lit=false'
[29May2026 12:48:41.568] [Worker-Main-7/WARN] [net.minecraft.client.resources.model.BlockStateModelLoader/]: Exception loading blockstate definition: 'artisticexpression:blockstates/lime_giant_candle.json' missing model for variant: 'artisticexpression:lime_giant_candle#lit=true'
[29May2026 12:48:41.570] [Worker-Main-7/WARN] [net.minecraft.client.resources.model.BlockStateModelLoader/]: Exception loading blockstate definition: 'artisticexpression:blockstates/lime_giant_candle.json' missing model for variant: 'artisticexpression:lime_giant_candle#lit=false'
[29May2026 12:48:41.570] [Worker-Main-7/WARN] [net.minecraft.client.resources.model.BlockStateModelLoader/]: Exception loading blockstate definition: 'artisticexpression:blockstates/pink_giant_candle.json' missing model for variant: 'artisticexpression:pink_giant_candle#lit=false'
[29May2026 12:48:41.570] [Worker-Main-7/WARN] [net.minecraft.client.resources.model.BlockStateModelLoader/]: Exception loading blockstate definition: 'artisticexpression:blockstates/pink_giant_candle.json' missing model for variant: 'artisticexpression:pink_giant_candle#lit=true'
[29May2026 12:48:41.570] [Worker-Main-7/WARN] [net.minecraft.client.resources.model.BlockStateModelLoader/]: Exception loading blockstate definition: 'artisticexpression:blockstates/purple_giant_candle.json' missing model for variant: 'artisticexpression:purple_giant_candle#lit=true'
[29May2026 12:48:41.570] [Worker-Main-7/WARN] [net.minecraft.client.resources.model.BlockStateModelLoader/]: Exception loading blockstate definition: 'artisticexpression:blockstates/purple_giant_candle.json' missing model for variant: 'artisticexpression:purple_giant_candle#lit=false'
[29May2026 12:48:41.570] [Worker-Main-7/WARN] [net.minecraft.client.resources.model.BlockStateModelLoader/]: Exception loading blockstate definition: 'artisticexpression:blockstates/brown_giant_candle.json' missing model for variant: 'artisticexpression:brown_giant_candle#lit=false'
[29May2026 12:48:41.570] [Worker-Main-7/WARN] [net.minecraft.client.resources.model.BlockStateModelLoader/]: Exception loading blockstate definition: 'artisticexpression:blockstates/brown_giant_candle.json' missing model for variant: 'artisticexpression:brown_giant_candle#lit=true'
[29May2026 12:48:41.571] [Worker-Main-7/WARN] [net.minecraft.client.resources.model.ModelBakery/]: Unable to load model: 'artisticexpression:item/blue_shaved_fleece' referenced from: artisticexpression:item/blue_shaved_fleece: java.io.FileNotFoundException: artisticexpression:models/item/blue_shaved_fleece.json
[29May2026 12:48:41.572] [Worker-Main-7/WARN] [net.minecraft.client.resources.model.ModelBakery/]: Unable to load model: 'artisticexpression:block/yellow_giant_candle' referenced from: artisticexpression:item/yellow_giant_candle: java.io.FileNotFoundException: artisticexpression:models/block/yellow_giant_candle.json
[29May2026 12:48:41.572] [Worker-Main-7/WARN] [net.minecraft.client.resources.model.ModelBakery/]: Unable to load model: 'artisticexpression:block/orange_giant_candle' referenced from: artisticexpression:item/orange_giant_candle: java.io.FileNotFoundException: artisticexpression:models/block/orange_giant_candle.json
[29May2026 12:48:41.572] [Worker-Main-7/WARN] [net.minecraft.client.resources.model.ModelBakery/]: Unable to load model: 'artisticexpression:block/purple_giant_candle' referenced from: artisticexpression:item/purple_giant_candle: java.io.FileNotFoundException: artisticexpression:models/block/purple_giant_candle.json
[29May2026 12:48:41.572] [Worker-Main-7/WARN] [net.minecraft.client.resources.model.ModelBakery/]: Unable to load model: 'artisticexpression:block/light_blue_giant_candle' referenced from: artisticexpression:item/light_blue_giant_candle: java.io.FileNotFoundException: artisticexpression:models/block/light_blue_giant_candle.json
[29May2026 12:48:41.573] [Worker-Main-7/WARN] [net.minecraft.client.resources.model.ModelBakery/]: Unable to load model: 'artisticexpression:item/light_gray_shaved_fleece' referenced from: artisticexpression:item/light_gray_shaved_fleece: java.io.FileNotFoundException: artisticexpression:models/item/light_gray_shaved_fleece.json
[29May2026 12:48:41.575] [Worker-Main-7/WARN] [net.minecraft.client.resources.model.ModelBakery/]: Unable to load model: 'artisticexpression:block/lime_giant_candle' referenced from: artisticexpression:item/lime_giant_candle: java.io.FileNotFoundException: artisticexpression:models/block/lime_giant_candle.json
[29May2026 12:48:41.576] [Worker-Main-7/WARN] [net.minecraft.client.resources.model.ModelBakery/]: Unable to load model: 'artisticexpression:block/brown_giant_candle' referenced from: artisticexpression:item/brown_giant_candle: java.io.FileNotFoundException: artisticexpression:models/block/brown_giant_candle.json
[29May2026 12:48:41.577] [Worker-Main-7/WARN] [net.minecraft.client.resources.model.ModelBakery/]: Unable to load model: 'artisticexpression:item/magenta_shaved_fleece' referenced from: artisticexpression:item/magenta_shaved_fleece: java.io.FileNotFoundException: artisticexpression:models/item/magenta_shaved_fleece.json
[29May2026 12:48:41.578] [Worker-Main-7/WARN] [net.minecraft.client.resources.model.ModelBakery/]: Unable to load model: 'artisticexpression:item/pink_shaved_fleece' referenced from: artisticexpression:item/pink_shaved_fleece: java.io.FileNotFoundException: artisticexpression:models/item/pink_shaved_fleece.json
[29May2026 12:48:41.579] [Worker-Main-7/WARN] [net.minecraft.client.resources.model.ModelBakery/]: Unable to load model: 'artisticexpression:block/pink_giant_candle' referenced from: artisticexpression:item/pink_giant_candle: java.io.FileNotFoundException: artisticexpression:models/block/pink_giant_candle.json
[29May2026 12:48:41.579] [Worker-Main-7/WARN] [net.minecraft.client.resources.model.ModelBakery/]: Unable to load model: 'artisticexpression:block/magenta_giant_candle' referenced from: artisticexpression:item/magenta_giant_candle: java.io.FileNotFoundException: artisticexpression:models/block/magenta_giant_candle.json
[29May2026 12:48:41.579] [Worker-Main-7/WARN] [net.minecraft.client.resources.model.ModelBakery/]: Unable to load model: 'artisticexpression:item/white_shaved_fleece' referenced from: artisticexpression:item/white_shaved_fleece: java.io.FileNotFoundException: artisticexpression:models/item/white_shaved_fleece.json
[29May2026 12:48:41.579] [Worker-Main-7/WARN] [net.minecraft.client.resources.model.ModelBakery/]: Unable to load model: 'artisticexpression:item/purple_shaved_fleece' referenced from: artisticexpression:item/purple_shaved_fleece: java.io.FileNotFoundException: artisticexpression:models/item/purple_shaved_fleece.json
[29May2026 12:48:41.579] [Worker-Main-7/WARN] [net.minecraft.client.resources.model.ModelBakery/]: Unable to load model: 'artisticexpression:item/gray_shaved_fleece' referenced from: artisticexpression:item/gray_shaved_fleece: java.io.FileNotFoundException: artisticexpression:models/item/gray_shaved_fleece.json
[29May2026 12:48:42.075] [Worker-Main-7/WARN] [net.minecraft.client.resources.model.ModelManager/]: Missing textures in model artisticexpression:green_giant_candle#inventory:
    minecraft:textures/atlas/blocks.png:artisticexpression:particle/giant_candle
[29May2026 12:48:42.075] [Worker-Main-7/WARN] [net.minecraft.client.resources.model.ModelManager/]: Missing textures in model artisticexpression:green_giant_candle#lit=false:
    minecraft:textures/atlas/blocks.png:artisticexpression:particle/giant_candle
[29May2026 12:48:42.075] [Worker-Main-7/WARN] [net.minecraft.client.resources.model.ModelManager/]: Missing textures in model artisticexpression:gray_giant_candle#lit=true:
    minecraft:textures/atlas/blocks.png:artisticexpression:particle/giant_candle
[29May2026 12:48:42.075] [Worker-Main-7/WARN] [net.minecraft.client.resources.model.ModelManager/]: Missing textures in model artisticexpression:cyan_giant_candle#lit=false:
    minecraft:textures/atlas/blocks.png:artisticexpression:particle/giant_candle
[29May2026 12:48:42.075] [Worker-Main-7/WARN] [net.minecraft.client.resources.model.ModelManager/]: Missing textures in model artisticexpression:cyan_giant_candle#inventory:
    minecraft:textures/atlas/blocks.png:artisticexpression:particle/giant_candle
[29May2026 12:48:42.075] [Worker-Main-7/WARN] [net.minecraft.client.resources.model.ModelManager/]: Missing textures in model artisticexpression:red_giant_candle#lit=true:
    minecraft:textures/atlas/blocks.png:artisticexpression:particle/giant_candle
[29May2026 12:48:42.076] [Worker-Main-7/WARN] [net.minecraft.client.resources.model.ModelManager/]: Missing textures in model artisticexpression:black_giant_candle#lit=true:
    minecraft:textures/atlas/blocks.png:artisticexpression:particle/giant_candle
[29May2026 12:48:42.076] [Worker-Main-7/WARN] [net.minecraft.client.resources.model.ModelManager/]: Missing textures in model artisticexpression:cyan_giant_candle#lit=true:
    minecraft:textures/atlas/blocks.png:artisticexpression:particle/giant_candle
[29May2026 12:48:42.076] [Worker-Main-7/WARN] [net.minecraft.client.resources.model.ModelManager/]: Missing textures in model artisticexpression:light_gray_giant_candle#inventory:
    minecraft:textures/atlas/blocks.png:artisticexpression:particle/giant_candle
[29May2026 12:48:42.076] [Worker-Main-7/WARN] [net.minecraft.client.resources.model.ModelManager/]: Missing textures in model artisticexpression:light_gray_giant_candle#lit=false:
    minecraft:textures/atlas/blocks.png:artisticexpression:particle/giant_candle
[29May2026 12:48:42.076] [Worker-Main-7/WARN] [net.minecraft.client.resources.model.ModelManager/]: Missing textures in model artisticexpression:gray_giant_candle#lit=false:
    minecraft:textures/atlas/blocks.png:artisticexpression:particle/giant_candle
[29May2026 12:48:42.076] [Worker-Main-7/WARN] [net.minecraft.client.resources.model.ModelManager/]: Missing textures in model artisticexpression:blue_giant_candle#lit=true:
    minecraft:textures/atlas/blocks.png:artisticexpression:particle/giant_candle
[29May2026 12:48:42.076] [Worker-Main-7/WARN] [net.minecraft.client.resources.model.ModelManager/]: Missing textures in model artisticexpression:white_giant_candle#lit=true:
    minecraft:textures/atlas/blocks.png:artisticexpression:particle/giant_candle
[29May2026 12:48:42.076] [Worker-Main-7/WARN] [net.minecraft.client.resources.model.ModelManager/]: Missing textures in model artisticexpression:gray_giant_candle#inventory:
    minecraft:textures/atlas/blocks.png:artisticexpression:particle/giant_candle
[29May2026 12:48:42.076] [Worker-Main-7/WARN] [net.minecraft.client.resources.model.ModelManager/]: Missing textures in model artisticexpression:black_giant_candle#inventory:
    minecraft:textures/atlas/blocks.png:artisticexpression:particle/giant_candle
[29May2026 12:48:42.076] [Worker-Main-7/WARN] [net.minecraft.client.resources.model.ModelManager/]: Missing textures in model artisticexpression:light_gray_giant_candle#lit=true:
    minecraft:textures/atlas/blocks.png:artisticexpression:particle/giant_candle
[29May2026 12:48:42.076] [Worker-Main-7/WARN] [net.minecraft.client.resources.model.ModelManager/]: Missing textures in model artisticexpression:black_giant_candle#lit=false:
    minecraft:textures/atlas/blocks.png:artisticexpression:particle/giant_candle
[29May2026 12:48:42.077] [Worker-Main-7/WARN] [net.minecraft.client.resources.model.ModelManager/]: Missing textures in model artisticexpression:blue_giant_candle#lit=false:
    minecraft:textures/atlas/blocks.png:artisticexpression:particle/giant_candle
[29May2026 12:48:42.077] [Worker-Main-7/WARN] [net.minecraft.client.resources.model.ModelManager/]: Missing textures in model artisticexpression:blue_giant_candle#inventory:
    minecraft:textures/atlas/blocks.png:artisticexpression:particle/giant_candle
[29May2026 12:48:42.077] [Worker-Main-7/WARN] [net.minecraft.client.resources.model.ModelManager/]: Missing textures in model artisticexpression:white_giant_candle#lit=false:
    minecraft:textures/atlas/blocks.png:artisticexpression:particle/giant_candle
[29May2026 12:48:42.077] [Worker-Main-7/WARN] [net.minecraft.client.resources.model.ModelManager/]: Missing textures in model artisticexpression:white_giant_candle#inventory:
    minecraft:textures/atlas/blocks.png:artisticexpression:particle/giant_candle
[29May2026 12:48:42.077] [Worker-Main-7/WARN] [net.minecraft.client.resources.model.ModelManager/]: Missing textures in model artisticexpression:red_giant_candle#lit=false:
    minecraft:textures/atlas/blocks.png:artisticexpression:particle/giant_candle
[29May2026 12:48:42.077] [Worker-Main-7/WARN] [net.minecraft.client.resources.model.ModelManager/]: Missing textures in model artisticexpression:red_giant_candle#inventory:
    minecraft:textures/atlas/blocks.png:artisticexpression:particle/giant_candle
[29May2026 12:48:42.077] [Worker-Main-7/WARN] [net.minecraft.client.resources.model.ModelManager/]: Missing textures in model artisticexpression:green_giant_candle#lit=true:
    minecraft:textures/atlas/blocks.png:artisticexpression:particle/giant_candle
[29May2026 12:48:42.323] [Render thread/WARN] [net.minecraft.client.sounds.SoundEngine/]: Missing sound for event: minecraft:item.goat_horn.play
[29May2026 12:48:42.323] [Render thread/WARN] [net.minecraft.client.sounds.SoundEngine/]: Missing sound for event: minecraft:entity.goat.screaming.horn_break
[29May2026 12:48:42.373] [Render thread/INFO] [com.mojang.blaze3d.audio.Library/]: OpenAL initialized on device OpenAL Soft on Realtek HD Audio 2nd output (Realtek High Definition Audio)
[29May2026 12:48:42.374] [Render thread/INFO] [net.minecraft.client.sounds.SoundEngine/SOUNDS]: Sound engine started
[29May2026 12:48:42.489] [Render thread/INFO] [net.minecraft.client.renderer.texture.TextureAtlas/]: Created: 1024x512x4 minecraft:textures/atlas/blocks.png-atlas
[29May2026 12:48:42.498] [Render thread/INFO] [net.minecraft.client.renderer.texture.TextureAtlas/]: Created: 256x256x4 minecraft:textures/atlas/signs.png-atlas
[29May2026 12:48:42.498] [Render thread/INFO] [net.minecraft.client.renderer.texture.TextureAtlas/]: Created: 512x512x4 minecraft:textures/atlas/shield_patterns.png-atlas
[29May2026 12:48:42.499] [Render thread/INFO] [net.minecraft.client.renderer.texture.TextureAtlas/]: Created: 512x512x4 minecraft:textures/atlas/banner_patterns.png-atlas
[29May2026 12:48:42.501] [Render thread/INFO] [net.minecraft.client.renderer.texture.TextureAtlas/]: Created: 1024x1024x4 minecraft:textures/atlas/armor_trims.png-atlas
[29May2026 12:48:42.510] [Render thread/INFO] [net.minecraft.client.renderer.texture.TextureAtlas/]: Created: 256x256x4 minecraft:textures/atlas/chest.png-atlas
[29May2026 12:48:42.511] [Render thread/INFO] [net.minecraft.client.renderer.texture.TextureAtlas/]: Created: 128x64x4 minecraft:textures/atlas/decorated_pot.png-atlas
[29May2026 12:48:42.511] [Render thread/INFO] [net.minecraft.client.renderer.texture.TextureAtlas/]: Created: 512x256x4 minecraft:textures/atlas/beds.png-atlas
[29May2026 12:48:42.511] [Render thread/INFO] [net.minecraft.client.renderer.texture.TextureAtlas/]: Created: 512x256x4 minecraft:textures/atlas/shulker_boxes.png-atlas
[29May2026 12:48:42.704] [Render thread/INFO] [net.minecraft.client.renderer.texture.TextureAtlas/]: Created: 512x256x0 minecraft:textures/atlas/particles.png-atlas
[29May2026 12:48:42.706] [Render thread/INFO] [net.minecraft.client.renderer.texture.TextureAtlas/]: Created: 512x256x0 minecraft:textures/atlas/paintings.png-atlas
[29May2026 12:48:42.706] [Render thread/INFO] [net.minecraft.client.renderer.texture.TextureAtlas/]: Created: 256x128x0 minecraft:textures/atlas/mob_effects.png-atlas
[29May2026 12:48:42.706] [Render thread/INFO] [net.minecraft.client.renderer.texture.TextureAtlas/]: Created: 64x64x0 minecraft:textures/atlas/map_decorations.png-atlas
[29May2026 12:48:42.707] [Render thread/INFO] [net.minecraft.client.renderer.texture.TextureAtlas/]: Created: 1024x512x0 minecraft:textures/atlas/gui.png-atlas
[29May2026 12:48:42.738] [Render thread/WARN] [net.minecraft.client.renderer.ShaderInstance/]: Shader rendertype_entity_translucent_emissive could not find sampler named Sampler2 in the specified shader program.
[29May2026 12:48:42.805] [Render thread/INFO] [net.neoforged.neoforge.client.entity.animation.json.AnimationLoader/]: Loaded 0 entity animations
[29May2026 12:49:06.298] [Render thread/INFO] [net.minecraft.world.item.crafting.RecipeManager/]: Loaded 1324 recipes
[29May2026 12:49:06.453] [Render thread/INFO] [net.minecraft.advancements.AdvancementTree/]: Loaded 1432 advancements
[29May2026 12:49:06.889] [Server thread/INFO] [net.minecraft.client.server.IntegratedServer/]: Starting integrated minecraft server version 1.21.1
[29May2026 12:49:06.889] [Server thread/INFO] [net.minecraft.server.MinecraftServer/]: Generating keypair
[29May2026 12:49:07.813] [Server thread/INFO] [net.minecraft.server.MinecraftServer/]: Preparing start region for dimension minecraft:overworld
[29May2026 12:49:08.052] [progressListener/INFO] [net.minecraft.server.level.progress.LoggerChunkProgressListener/]: Preparing spawn area: 0%
[29May2026 12:49:08.130] [Server thread/INFO] [net.neoforged.neoforge.server.permission.PermissionAPI/]: Successfully initialized permission handler neoforge:default_handler
[29May2026 12:49:08.141] [progressListener/INFO] [net.minecraft.server.level.progress.LoggerChunkProgressListener/]: Time elapsed: 325 ms
[29May2026 12:49:08.192] [Server thread/INFO] [net.minecraft.client.server.IntegratedServer/]: Changing view distance to 12, from 10
[29May2026 12:49:08.192] [Server thread/INFO] [net.minecraft.client.server.IntegratedServer/]: Changing simulation distance to 12, from 0
[29May2026 12:49:08.933] [Server thread/INFO] [net.minecraft.server.players.PlayerList/]: Dev[local:E:dbd6ed30] logged in with entity id 10 at (427.67408481900964, 88.13201891792522, -120.44619440237325)
[29May2026 12:49:09.011] [Server thread/INFO] [net.minecraft.server.MinecraftServer/]: Dev joined the game
[29May2026 12:49:09.166] [Render thread/INFO] [net.minecraft.advancements.AdvancementTree/]: Loaded 210 advancements
[29May2026 12:49:09.536] [Server thread/INFO] [net.minecraft.client.server.IntegratedServer/]: Saving and pausing game...
[29May2026 12:49:09.571] [Server thread/INFO] [net.minecraft.server.MinecraftServer/]: Saving chunks for level 'ServerLevel[New World]'/minecraft:overworld
[29May2026 12:49:09.587] [Server thread/INFO] [net.minecraft.server.MinecraftServer/]: Saving chunks for level 'ServerLevel[New World]'/minecraft:the_nether
[29May2026 12:49:09.587] [Server thread/INFO] [net.minecraft.server.MinecraftServer/]: Saving chunks for level 'ServerLevel[New World]'/minecraft:the_end
[29May2026 12:49:33.133] [Server thread/INFO] [net.minecraft.client.server.IntegratedServer/]: Saving and pausing game...
[29May2026 12:49:33.147] [Server thread/INFO] [net.minecraft.server.MinecraftServer/]: Saving chunks for level 'ServerLevel[New World]'/minecraft:overworld
[29May2026 12:49:33.164] [Server thread/INFO] [net.minecraft.server.MinecraftServer/]: Saving chunks for level 'ServerLevel[New World]'/minecraft:the_nether
[29May2026 12:49:33.164] [Server thread/INFO] [net.minecraft.server.MinecraftServer/]: Saving chunks for level 'ServerLevel[New World]'/minecraft:the_end
[29May2026 12:49:51.132] [Server thread/INFO] [net.minecraft.client.server.IntegratedServer/]: Saving and pausing game...
[29May2026 12:49:51.144] [Server thread/INFO] [net.minecraft.server.MinecraftServer/]: Saving chunks for level 'ServerLevel[New World]'/minecraft:overworld
[29May2026 12:49:51.153] [Server thread/INFO] [net.minecraft.server.MinecraftServer/]: Saving chunks for level 'ServerLevel[New World]'/minecraft:the_nether
[29May2026 12:49:51.153] [Server thread/INFO] [net.minecraft.server.MinecraftServer/]: Saving chunks for level 'ServerLevel[New World]'/minecraft:the_end
[29May2026 12:50:44.483] [Server thread/INFO] [net.minecraft.client.server.IntegratedServer/]: Saving and pausing game...
[29May2026 12:50:44.495] [Server thread/INFO] [net.minecraft.server.MinecraftServer/]: Saving chunks for level 'ServerLevel[New World]'/minecraft:overworld
[29May2026 12:50:44.504] [Server thread/INFO] [net.minecraft.server.MinecraftServer/]: Saving chunks for level 'ServerLevel[New World]'/minecraft:the_nether
[29May2026 12:50:44.505] [Server thread/INFO] [net.minecraft.server.MinecraftServer/]: Saving chunks for level 'ServerLevel[New World]'/minecraft:the_end
[29May2026 12:51:34.532] [Server thread/INFO] [net.minecraft.client.server.IntegratedServer/]: Saving and pausing game...
[29May2026 12:51:34.545] [Server thread/INFO] [net.minecraft.server.MinecraftServer/]: Saving chunks for level 'ServerLevel[New World]'/minecraft:overworld
[29May2026 12:51:34.555] [Server thread/INFO] [net.minecraft.server.MinecraftServer/]: Saving chunks for level 'ServerLevel[New World]'/minecraft:the_nether
[29May2026 12:51:34.555] [Server thread/INFO] [net.minecraft.server.MinecraftServer/]: Saving chunks for level 'ServerLevel[New World]'/minecraft:the_end
[29May2026 12:52:35.200] [Render thread/INFO] [com.mojang.blaze3d.platform.GlDebug/]: OpenGL debug message: id=1000, source=API, type=ERROR, severity=HIGH, message='glGetString has generated an error (GL_INVALID_ENUM)'
[29May2026 12:52:43.583] [Server thread/INFO] [net.minecraft.client.server.IntegratedServer/]: Saving and pausing game...
[29May2026 12:52:43.598] [Server thread/INFO] [net.minecraft.server.MinecraftServer/]: Saving chunks for level 'ServerLevel[New World]'/minecraft:overworld
[29May2026 12:52:43.609] [Server thread/INFO] [net.minecraft.server.MinecraftServer/]: Saving chunks for level 'ServerLevel[New World]'/minecraft:the_nether
[29May2026 12:52:43.609] [Server thread/INFO] [net.minecraft.server.MinecraftServer/]: Saving chunks for level 'ServerLevel[New World]'/minecraft:the_end
[29May2026 12:52:51.033] [Server thread/INFO] [net.minecraft.client.server.IntegratedServer/]: Saving and pausing game...
[29May2026 12:52:51.043] [Server thread/INFO] [net.minecraft.server.MinecraftServer/]: Saving chunks for level 'ServerLevel[New World]'/minecraft:overworld
[29May2026 12:52:51.055] [Server thread/INFO] [net.minecraft.server.MinecraftServer/]: Saving chunks for level 'ServerLevel[New World]'/minecraft:the_nether
[29May2026 12:52:51.056] [Server thread/INFO] [net.minecraft.server.MinecraftServer/]: Saving chunks for level 'ServerLevel[New World]'/minecraft:the_end
[29May2026 12:53:33.304] [Server thread/INFO] [net.minecraft.server.MinecraftServer/]: [Not Secure] <Dev> old texture
[29May2026 12:53:33.316] [Render thread/INFO] [net.minecraft.client.gui.components.ChatComponent/]: [CHAT] <Dev> old texture
[29May2026 12:53:42.133] [Server thread/INFO] [net.minecraft.client.server.IntegratedServer/]: Saving and pausing game...
[29May2026 12:53:42.145] [Server thread/INFO] [net.minecraft.server.MinecraftServer/]: Saving chunks for level 'ServerLevel[New World]'/minecraft:overworld
[29May2026 12:53:42.154] [Server thread/INFO] [net.minecraft.server.MinecraftServer/]: Saving chunks for level 'ServerLevel[New World]'/minecraft:the_nether
[29May2026 12:53:42.154] [Server thread/INFO] [net.minecraft.server.MinecraftServer/]: Saving chunks for level 'ServerLevel[New World]'/minecraft:the_end
[29May2026 12:54:01.782] [Server thread/INFO] [net.minecraft.client.server.IntegratedServer/]: Saving and pausing game...
[29May2026 12:54:01.794] [Server thread/INFO] [net.minecraft.server.MinecraftServer/]: Saving chunks for level 'ServerLevel[New World]'/minecraft:overworld
[29May2026 12:54:01.800] [Server thread/INFO] [net.minecraft.server.MinecraftServer/]: Saving chunks for level 'ServerLevel[New World]'/minecraft:the_nether
[29May2026 12:54:01.800] [Server thread/INFO] [net.minecraft.server.MinecraftServer/]: Saving chunks for level 'ServerLevel[New World]'/minecraft:the_end
[29May2026 12:54:23.398] [Server thread/INFO] [net.minecraft.server.MinecraftServer/]: [Dev: Set the time to 6000]
[29May2026 12:54:23.407] [Render thread/INFO] [net.minecraft.client.gui.components.ChatComponent/]: [System] [CHAT] Set the time to 6000
[29May2026 12:55:25.733] [Server thread/INFO] [net.minecraft.client.server.IntegratedServer/]: Saving and pausing game...
[29May2026 12:55:25.742] [Server thread/INFO] [net.minecraft.server.MinecraftServer/]: Saving chunks for level 'ServerLevel[New World]'/minecraft:overworld
[29May2026 12:55:25.756] [Server thread/INFO] [net.minecraft.server.MinecraftServer/]: Saving chunks for level 'ServerLevel[New World]'/minecraft:the_nether
[29May2026 12:55:25.757] [Server thread/INFO] [net.minecraft.server.MinecraftServer/]: Saving chunks for level 'ServerLevel[New World]'/minecraft:the_end
[29May2026 12:55:36.082] [Server thread/INFO] [net.minecraft.client.server.IntegratedServer/]: Saving and pausing game...
[29May2026 12:55:36.098] [Server thread/INFO] [net.minecraft.server.MinecraftServer/]: Saving chunks for level 'ServerLevel[New World]'/minecraft:overworld
[29May2026 12:55:36.115] [Server thread/INFO] [net.minecraft.server.MinecraftServer/]: Saving chunks for level 'ServerLevel[New World]'/minecraft:the_nether
[29May2026 12:55:36.116] [Server thread/INFO] [net.minecraft.server.MinecraftServer/]: Saving chunks for level 'ServerLevel[New World]'/minecraft:the_end
[29May2026 12:55:37.576] [Render thread/INFO] [net.minecraft.client.Minecraft/]: Stopping!
[29May2026 12:55:37.638] [Server thread/INFO] [net.minecraft.server.network.ServerGamePacketListenerImpl/]: Dev lost connection: Disconnected
[29May2026 12:55:37.639] [Server thread/INFO] [net.minecraft.server.MinecraftServer/]: Dev left the game
[29May2026 12:55:37.649] [Server thread/INFO] [net.minecraft.server.network.ServerCommonPacketListenerImpl/]: Stopping singleplayer server as player logged out
[29May2026 12:55:37.688] [Server thread/INFO] [net.minecraft.server.MinecraftServer/]: Stopping server
[29May2026 12:55:37.688] [Server thread/INFO] [net.minecraft.server.MinecraftServer/]: Saving players
[29May2026 12:55:37.688] [Server thread/INFO] [net.minecraft.server.MinecraftServer/]: Saving worlds
[29May2026 12:55:37.997] [Server thread/INFO] [net.minecraft.server.MinecraftServer/]: Saving chunks for level 'ServerLevel[New World]'/minecraft:overworld
[29May2026 12:55:38.227] [Server thread/INFO] [net.minecraft.server.MinecraftServer/]: Saving chunks for level 'ServerLevel[New World]'/minecraft:the_nether
[29May2026 12:55:38.230] [Server thread/INFO] [net.minecraft.server.MinecraftServer/]: Saving chunks for level 'ServerLevel[New World]'/minecraft:the_end
[29May2026 12:55:38.239] [Server thread/INFO] [net.minecraft.server.MinecraftServer/]: ThreadedAnvilChunkStorage (New World): All chunks are saved
[29May2026 12:55:38.239] [Server thread/INFO] [net.minecraft.server.MinecraftServer/]: ThreadedAnvilChunkStorage (DIM-1): All chunks are saved
[29May2026 12:55:38.239] [Server thread/INFO] [net.minecraft.server.MinecraftServer/]: ThreadedAnvilChunkStorage (DIM1): All chunks are saved
[29May2026 12:55:38.239] [Server thread/INFO] [net.minecraft.server.MinecraftServer/]: ThreadedAnvilChunkStorage: All dimensions are saved
